<?xml version="1.0" encoding="UTF-8"?>
<!-- Generated by org.testng.reporters.JUnitXMLReporter -->
<testsuite ignored="0" hostname="DESKTOP-80945EE" failures="0" tests="3" name="Test" time="36.306" errors="0" timestamp="2023-08-09T00:04:24 IST">
  <testcase classname="TestScenarios.RegisterTest" name="RegWithAllData" time="2.992"/>
  <testcase classname="TestScenarios.LoginTest" name="Login" time="2.683"/>
  <testcase classname="TestScenarios.LoginTest" name="Login" time="11.602"/>
</testsuite> <!-- Test -->
